{ Using PSTWRITER 17.2.0 d001Jan-09-2024 at 00:08:53 }

#1 WARNING(ORCAP-36006): Part Name "R_RES2012X50N_0805_1K" is renamed to "R_RES2012X50N_0805_1K".
#2 WARNING(ORCAP-36006): Part Name "R_RES2012X50N_0805_100K" is renamed to "R_RES2012X50N_0805_100K".
#3 WARNING(ORCAP-36006): Part Name "R_RES2012X50N_0805_22K" is renamed to "R_RES2012X50N_0805_22K".
#4 WARNING(ORCAP-36006): Part Name "R_RES2012X50N_0805_6.8K" is renamed to "R_RES2012X50N_0805_6.8K".
#5 WARNING(ORCAP-36006): Part Name "R_RES2012X50N_0805_2.7K" is renamed to "R_RES2012X50N_0805_2.7K".
#6 WARNING(ORCAP-36006): Part Name "R_RES2012X50N_0805_8.2K" is renamed to "R_RES2012X50N_0805_8.2K".
#7 WARNING(ORCAP-36006): Part Name "R_RES2012X50N_0805_2.2K" is renamed to "R_RES2012X50N_0805_2.2K".
#8 WARNING(ORCAP-36006): Part Name "R_RES2012X50N_0805_15K" is renamed to "R_RES2012X50N_0805_15K".
#9 WARNING(ORCAP-36006): Part Name "R_RES2012X50N_0805_33" is renamed to "R_RES2012X50N_0805_33".
#10 WARNING(ORCAP-36006): Part Name "R_RES2012X50N_0805_68K" is renamed to "R_RES2012X50N_0805_68K".
#11 WARNING(ORCAP-36006): Part Name "R_RES2012X50N_0805_2.5K" is renamed to "R_RES2012X50N_0805_2.5K".
#12 WARNING(ORCAP-36006): Part Name "R_RES2012X50N_0805_5.6K" is renamed to "R_RES2012X50N_0805_5.6K".
#13 WARNING(ORCAP-36006): Part Name "R_RES2012X50N_0805_330" is renamed to "R_RES2012X50N_0805_330".
#14 WARNING(ORCAP-36006): Part Name "R_RES2012X50N_0805_1000K" is renamed to "R_RES2012X50N_0805_1000K".
INFO(ORCAP-36080): Scanning netlist files ...

Loading... C:\USERS\LUCKS\ONEDRIVE - UNIVERSITATEA POLITEHNICA BUCURESTI\DESKTOP\FACULTATE\ANUL III\SEM I\P1 VARIANTA FINALA (SPER)\SCHEMATICS\allegro/pstchip.dat

Loading... C:\USERS\LUCKS\ONEDRIVE - UNIVERSITATEA POLITEHNICA BUCURESTI\DESKTOP\FACULTATE\ANUL III\SEM I\P1 VARIANTA FINALA (SPER)\SCHEMATICS\allegro/pstchip.dat

Loading... C:\USERS\LUCKS\ONEDRIVE - UNIVERSITATEA POLITEHNICA BUCURESTI\DESKTOP\FACULTATE\ANUL III\SEM I\P1 VARIANTA FINALA (SPER)\SCHEMATICS\allegro/pstxprt.dat

Loading... C:\USERS\LUCKS\ONEDRIVE - UNIVERSITATEA POLITEHNICA BUCURESTI\DESKTOP\FACULTATE\ANUL III\SEM I\P1 VARIANTA FINALA (SPER)\SCHEMATICS\allegro/pstxnet.dat
packaging the design view...